<?xml version="1.0" encoding="UTF-8"?>
<testsuite xmlns:xsi="http://www.w3.org/2001/XMLSchema-instance" xsi:noNamespaceSchemaLocation="https://maven.apache.org/surefire/maven-surefire-plugin/xsd/surefire-test-report-3.0.xsd" version="3.0" name="tests.PostsTest" time="7.467" tests="19" errors="0" skipped="0" failures="0">
  <properties>
[...]
</properties>
  <testcase name="shouldUpdatePostCompletely" classname="tests.PostsTest" time="3.44">
    <system-out><![CDATA[==============================================
Base URL: https://jsonplaceholder.typicode.com
==============================================
Request URI:	https://jsonplaceholder.typicode.com/posts/1
HTTP/1.1 200 OK
]]></system-out>
  </testcase>
  <testcase name="shouldSanitizeXSSInBody" classname="tests.PostsTest" time="0.26">
    <system-out><![CDATA[Request URI:	https://jsonplaceholder.typicode.com/posts
HTTP/1.1 201 Created
BUG-008: Gap de seguranca - XSS nao sanitizado no body
]]></system-out>
  </testcase>
  <testcase name="shouldMatchJsonSchema" classname="tests.PostsTest" time="0.611">
    <system-out><![CDATA[Request URI:	https://jsonplaceholder.typicode.com/posts/1
HTTP/1.1 200 OK
]]></system-out>
  </testcase>
  <testcase name="shouldReturnPostById" classname="tests.PostsTest" time="0.133">
    <system-out><![CDATA[Request URI:	https://jsonplaceholder.typicode.com/posts/1
HTTP/1.1 200 OK
]]></system-out>
  </testcase>
  <testcase name="shouldPatchPostPartially" classname="tests.PostsTest" time="0.18">
    <system-out><![CDATA[Request URI:	https://jsonplaceholder.typicode.com/posts/1
HTTP/1.1 200 OK
]]></system-out>
  </testcase>
  <testcase name="shouldSanitizeXSSInTitle" classname="tests.PostsTest" time="0.194">
    <system-out><![CDATA[Request URI:	https://jsonplaceholder.typicode.com/posts
HTTP/1.1 201 Created
BUG-007: Gap de seguranca - XSS nao sanitizado no title
Impacto: Em producao, permitiria execucao de scripts maliciosos em frontend
]]></system-out>
  </testcase>
  <testcase name="shouldReturn404ForNonExistentPost" classname="tests.PostsTest" time="0.063">
    <system-out><![CDATA[Request URI:	https://jsonplaceholder.typicode.com/posts/99999
HTTP/1.1 404 Not Found
]]></system-out>
  </testcase>
  <testcase name="shouldRejectPostWithoutBody" classname="tests.PostsTest" time="0.175">
    <system-out><![CDATA[Request URI:	https://jsonplaceholder.typicode.com/posts
HTTP/1.1 201 Created
BUG-003: Gap de validacao - API aceita POST sem body (esperado 400)
]]></system-out>
  </testcase>
  <testcase name="shouldReturn100PostsWithCorrectStructure" classname="tests.PostsTest" time="0.253">
    <system-out><![CDATA[Request URI:	https://jsonplaceholder.typicode.com/posts
HTTP/1.1 200 OK
]]></system-out>
  </testcase>
  <testcase name="shouldRejectInvalidUserIdType" classname="tests.PostsTest" time="0.183">
    <system-out><![CDATA[Request URI:	https://jsonplaceholder.typicode.com/posts
HTTP/1.1 201 Created
BUG-005: Gap de validacao - API aceita userId string (esperado 400)
]]></system-out>
  </testcase>
  <testcase name="shouldFilterByUserId" classname="tests.PostsTest" time="0.074">
    <system-out><![CDATA[Request URI:	https://jsonplaceholder.typicode.com/posts?userId=1
HTTP/1.1 200 OK
]]></system-out>
  </testcase>
  <testcase name="shouldDeletePost" classname="tests.PostsTest" time="0.174">
    <system-out><![CDATA[Request URI:	https://jsonplaceholder.typicode.com/posts/1
HTTP/1.1 200 OK
]]></system-out>
  </testcase>
  <testcase name="shouldHandleInvalidIdType" classname="tests.PostsTest" time="0.059">
    <system-out><![CDATA[Request URI:	https://jsonplaceholder.typicode.com/posts/abc
HTTP/1.1 404 Not Found
BUG-001: API retorna 404 (esperado 400 para tipo invalido)
]]></system-out>
  </testcase>
  <testcase name="shouldRejectPostWithoutTitle" classname="tests.PostsTest" time="0.178">
    <system-out><![CDATA[Request URI:	https://jsonplaceholder.typicode.com/posts
HTTP/1.1 201 Created
BUG-002: Gap de validacao - API aceita POST sem title (esperado 400)
]]></system-out>
  </testcase>
  <testcase name="shouldRejectPostWithoutUserId" classname="tests.PostsTest" time="0.167">
    <system-out><![CDATA[Request URI:	https://jsonplaceholder.typicode.com/posts
HTTP/1.1 201 Created
BUG-004: Gap de validacao - API aceita POST sem userId (esperado 400)
]]></system-out>
  </testcase>
  <testcase name="shouldRejectEmptyPayload" classname="tests.PostsTest" time="0.174">
    <system-out><![CDATA[Request URI:	https://jsonplaceholder.typicode.com/posts
HTTP/1.1 201 Created
BUG-006: Gap de validacao - API aceita payload vazio (esperado 400)
]]></system-out>
  </testcase>
  <testcase name="shouldReturn404OnDeleteNonExistent" classname="tests.PostsTest" time="0.172">
    <system-out><![CDATA[Request URI:	https://jsonplaceholder.typicode.com/posts/99999
HTTP/1.1 200 OK
]]></system-out>
  </testcase>
  <testcase name="shouldBlockSQLInjection" classname="tests.PostsTest" time="0.041">
    <system-out><![CDATA[Request URI:	https://jsonplaceholder.typicode.com/posts?userId=1%27%20OR%20%271%27%3D%271
HTTP/1.1 200 OK
PASS: API trata SQL Injection corretamente
]]></system-out>
  </testcase>
  <testcase name="shouldCreatePostWithValidPayload" classname="tests.PostsTest" time="0.193">
    <system-out><![CDATA[Request URI:	https://jsonplaceholder.typicode.com/posts
HTTP/1.1 201 Created
]]></system-out>
  </testcase>
</testsuite>